<?xml version="1.0" encoding="UTF-8"?>
<testsuite xmlns:xsi="http://www.w3.org/2001/XMLSchema-instance" xsi:noNamespaceSchemaLocation="https://maven.apache.org/surefire/maven-surefire-plugin/xsd/surefire-test-report.xsd" name="com.example.AppTest" time="0.811" tests="6" errors="0" skipped="0" failures="1">
  <properties>
[...]
</properties>
  <testcase name="testDeleteEmployee" classname="com.example.AppTest" time="0.722"/>
  <testcase name="testReadEmployees" classname="com.example.AppTest" time="0.036"/>
  <testcase name="testGetEmployees" classname="com.example.AppTest" time="0.01"/>
  <testcase name="testShowIndexPage" classname="com.example.AppTest" time="0.012">
    <failure message="Status expected:&lt;200&gt; but was:&lt;404&gt;" type="java.lang.AssertionError"><![CDATA[java.lang.AssertionError: Status expected:<200> but was:<404>
	at com.example.AppTest.testShowIndexPage(AppTest.java:54)
]]></failure>
    <system-err><![CDATA[Sep 27, 2023 6:05:14 PM org.springframework.mock.web.MockServletContext log
INFO: Initializing Spring TestDispatcherServlet ''
Sep 27, 2023 6:05:14 PM org.springframework.web.servlet.FrameworkServlet initServletBean
INFO: Initializing Servlet ''
Sep 27, 2023 6:05:14 PM org.springframework.web.servlet.FrameworkServlet initServletBean
INFO: Completed initialization in 0 ms
Sep 27, 2023 6:05:14 PM org.springframework.web.servlet.DispatcherServlet noHandlerFound
WARNING: No mapping for GET /
]]></system-err>
  </testcase>
  <testcase name="testUpdateEmployee" classname="com.example.AppTest" time="0.016"/>
  <testcase name="testCreateEmployee" classname="com.example.AppTest" time="0.007"/>
</testsuite>